[ 2015-02-18T10:05:18+08:00 ] ::1 /index.php/
NOTIC: [2] mkdir(): File exists E:\GitHub\TakeOutShoppingDemo\ThinkPHP\Library\Think\Build.class.php 第 67 行.
NOTIC: [2] mkdir(): File exists E:\GitHub\TakeOutShoppingDemo\ThinkPHP\Library\Think\Build.class.php 第 67 行.
NOTIC: [2] mkdir(): File exists E:\GitHub\TakeOutShoppingDemo\ThinkPHP\Library\Think\Build.class.php 第 67 行.
NOTIC: [2] mkdir(): File exists E:\GitHub\TakeOutShoppingDemo\ThinkPHP\Library\Think\Build.class.php 第 67 行.
NOTIC: [2] mkdir(): File exists E:\GitHub\TakeOutShoppingDemo\ThinkPHP\Library\Think\Build.class.php 第 67 行.
NOTIC: [2] mkdir(): File exists E:\GitHub\TakeOutShoppingDemo\ThinkPHP\Library\Think\Build.class.php 第 67 行.
INFO: [ app_init ] --START--
INFO: Run Behavior\BuildLiteBehavior [ RunTime:0.000021s ]
INFO: [ app_init ] --END-- [ RunTime:0.074218s ]
INFO: [ app_begin ] --START--
INFO: Run Behavior\ReadHtmlCacheBehavior [ RunTime:0.000690s ]
INFO: [ app_begin ] --END-- [ RunTime:0.000739s ]
INFO: [ view_parse ] --START--
INFO: [ template_filter ] --START--
INFO: Run Behavior\ContentReplaceBehavior [ RunTime:0.000143s ]
INFO: [ template_filter ] --END-- [ RunTime:0.000668s ]
INFO: Run Behavior\ParseTemplateBehavior [ RunTime:0.048067s ]
INFO: [ view_parse ] --END-- [ RunTime:0.048189s ]
INFO: [ view_filter ] --START--
INFO: Run Behavior\WriteHtmlCacheBehavior [ RunTime:0.000350s ]
INFO: [ view_filter ] --END-- [ RunTime:0.000394s ]
INFO: [ app_end ] --START--
INFO: Run Behavior\ShowPageTraceBehavior [ RunTime:0.000559s ]
INFO: [ app_end ] --END-- [ RunTime:0.000610s ]

